The system is: Linux - 4.18.0-477.15.1.el8.nci.x86_64 - x86_64
Compiling the Fortran compiler identification source file "CMakeFortranCompilerId.F" succeeded.
Compiler: /apps/intel-ct/wrapper/ifort 
Build flags: 
Id flags: -v 

The output was:
0
ifort version 19.1.2.254
/apps/intel/compilers_and_libraries_2020.2.254/linux/bin/intel64/fpp    -D__INTEL_COMPILER=1910 -D__INTEL_COMPILER_UPDATE=2 -D__unix__ -D__unix -D__linux__ -D__linux -D__gnu_linux__ -Dunix -Dlinux -D__ELF__ -D__x86_64 -D__x86_64__ -D__amd64 -D__amd64__ -D__INTEL_COMPILER_BUILD_DATE=20200623 -D__INTEL_OFFLOAD -D__MMX__ -D__SSE__ -D__SSE_MATH__ -D__SSE2__ -D__SSE2_MATH__ -D__pentium4 -D__pentium4__ -D__tune_pentium4__ -I. -I/apps/openmpi/4.0.2/include/Intel -I/apps/openmpi/4.0.2/include -I/opt/Modules/v4.3.0/init/ksh-functions -I/apps/openmpi/4.0.2/include -I/apps/intel/compilers_and_libraries_2020.2.254/linux/compiler/include/intel64 -I/apps/intel/compilers_and_libraries_2020.2.254/linux/compiler/include/icc -I/apps/intel/compilers_and_libraries_2020.2.254/linux/compiler/include -I/usr/local/include -I/half-root/usr/bin/../lib/gcc/x86_64-redhat-linux/8/include -I/half-root/usr/bin/../include/ -I/usr/include -fixed -4Ycpp -4Ncvf -f_com=yes -MX CMakeFortranCompilerId.F /scratch/z00/fxf900/tmp/ifortA6EMcH.i
#include "..." search starts here:
#include <...> search starts here:
 .
 /apps/openmpi/4.0.2/include/Intel
 /apps/openmpi/4.0.2/include
 /opt/Modules/v4.3.0/init/ksh-functions
 /apps/openmpi/4.0.2/include
 /apps/intel/compilers_and_libraries_2020.2.254/linux/compiler/include/intel64
 /apps/intel/compilers_and_libraries_2020.2.254/linux/compiler/include/icc
 /apps/intel/compilers_and_libraries_2020.2.254/linux/compiler/include
 /usr/local/include
 /half-root/usr/bin/../lib/gcc/x86_64-redhat-linux/8/include
 /half-root/usr/bin/../include/
 /usr/include
End of search list.
/apps/intel/compilers_and_libraries_2020.2.254/linux/bin/intel64/fortcom    -D__INTEL_COMPILER=1910 -D__INTEL_COMPILER_UPDATE=2 -D__unix__ -D__unix -D__linux__ -D__linux -D__gnu_linux__ -Dunix -Dlinux -D__ELF__ -D__x86_64 -D__x86_64__ -D__amd64 -D__amd64__ -D__INTEL_COMPILER_BUILD_DATE=20200623 -D__INTEL_OFFLOAD -D__MMX__ -D__SSE__ -D__SSE_MATH__ -D__SSE2__ -D__SSE2_MATH__ -D__pentium4 -D__pentium4__ -D__tune_pentium4__ -I. -I/apps/openmpi/4.0.2/include/Intel -I/apps/openmpi/4.0.2/include -I/opt/Modules/v4.3.0/init/ksh-functions -I/apps/openmpi/4.0.2/include -I/apps/intel/compilers_and_libraries_2020.2.254/linux/compiler/include/intel64 -I/apps/intel/compilers_and_libraries_2020.2.254/linux/compiler/include/icc -I/apps/intel/compilers_and_libraries_2020.2.254/linux/compiler/include -I/usr/local/include -I/half-root/usr/bin/../lib/gcc/x86_64-redhat-linux/8/include -I/half-root/usr/bin/../include/ -I/usr/include -omp_simd -O2 "-reentrancy threaded" -simd -offload_host -mGLOB_em64t=TRUE -mP1OPT_version=19.1-intel64 -mGLOB_diag_file=/scratch/z00/fxf900/tmp/ifortfgAGkN.diag -mGLOB_long_size_64 -mGLOB_routine_pointer_size_64 -mGLOB_source_language=GLOB_SOURCE_LANGUAGE_F90 -mP2OPT_static_promotion -mGLOB_pack_sort_init_list -mP1OPT_print_version=FALSE -mCG_use_gas_got_workaround=F -mP2OPT_align_option_used=TRUE -mGLOB_gcc_version=850 "-mGLOB_options_string=-I/apps/openmpi/4.0.2/include/Intel -I/apps/openmpi/4.0.2/include -I/opt/Modules/v4.3.0/init/ksh-functions -v" -mGLOB_cxx_limited_range=FALSE -mCG_extend_parms=FALSE -mGLOB_compiler_bin_directory=/apps/intel/compilers_and_libraries_2020.2.254/linux/bin/intel64 -mGLOB_as_output_backup_file_name=/scratch/z00/fxf900/tmp/ifortgmOlTnas_.s -mGLOB_dashboard_use_source_name -mIPOPT_activate -mIPOPT_lite -mGLOB_uarch_tuning=0x0 -mGLOB_product_id_code=0x22006d91 -mCG_bnl_movbe=T -mP3OPT_use_mspp_call_convention -mP2OPT_subs_out_of_bound=FALSE -mP2OPT_disam_type_based_disam=2 -mGLOB_ansi_alias -mPGOPTI_value_profile_use=T -mGLOB_opt_report_use_source_name -mGLOB_offload_mode=1 -mP2OPT_offload_unique_var_string=ifort1652300885QeO66Z -mP2OPT_hlo_level=2 -mP2OPT_hlo -mP2OPT_hpo_rtt_control=0 -mIPOPT_args_in_regs=0 -mP2OPT_disam_assume_nonstd_intent_in=FALSE -mGLOB_imf_mapping_library=/apps/intel/compilers_and_libraries_2020.2.254/linux/bin/intel64/libiml_attr.so -mIPOPT_single_file_compile_and_link=TRUE -mPGOPTI_gen_threadsafe_level=0 -mIPOPT_lto_object_enabled -mIPOPT_lto_object_value=1 -mIPOPT_obj_output_file_name=/scratch/z00/fxf900/tmp/ifortfgAGkN.o -mIPOPT_whole_archive_fixup_file_name=/scratch/z00/fxf900/tmp/ifortwarchjoW5hW -mGLOB_linker_version=2.30 -mGLOB_linker=ld -mGLOB_driver_tempfile_name=/scratch/z00/fxf900/tmp/iforttempfileGUhZYk -mP3OPT_asm_target=P3OPT_ASM_TARGET_GAS -mGLOB_async_unwind_tables=TRUE -mGLOB_obj_output_file=/scratch/z00/fxf900/tmp/ifortfgAGkN.o -mGLOB_source_dialect=GLOB_SOURCE_DIALECT_FORTRAN -mP1OPT_source_file_name=CMakeFortranCompilerId.F -mP1OPT_full_source_file_name=/g/data/nf47/HPCD-CFD-WaveqLab3D/Waveqlab/build_CascadeLake/CMakeFiles/3.20.2/CompilerIdFortran/CMakeFortranCompilerId.F -mP2OPT_symtab_type_copy=true /scratch/z00/fxf900/tmp/ifortA6EMcH.i
#include "..." search starts here:
#include <...> search starts here:
 .
 /apps/openmpi/4.0.2/include/Intel
 /apps/openmpi/4.0.2/include
 /opt/Modules/v4.3.0/init/ksh-functions
 /apps/openmpi/4.0.2/include
 /apps/intel/compilers_and_libraries_2020.2.254/linux/compiler/include/intel64
 /apps/intel/compilers_and_libraries_2020.2.254/linux/compiler/include/icc
 /apps/intel/compilers_and_libraries_2020.2.254/linux/compiler/include
 /usr/local/include
 /half-root/usr/bin/../lib/gcc/x86_64-redhat-linux/8/include
 /half-root/usr/bin/../include/
 /usr/include
End of search list.
ld    /half-root/usr/bin/../lib/gcc/x86_64-redhat-linux/8/../../../../lib64/crt1.o /half-root/usr/bin/../lib/gcc/x86_64-redhat-linux/8/../../../../lib64/crti.o /half-root/usr/bin/../lib/gcc/x86_64-redhat-linux/8/crtbegin.o --eh-frame-hdr --build-id -dynamic-linker /lib64/ld-linux-x86-64.so.2 -m elf_x86_64 -plugin /apps/intel/compilers_and_libraries_2020.2.254/linux/bin/intel64/../../lib/LLVMgold.so -o a.out /apps/intel/compilers_and_libraries_2020.2.254/linux/compiler/lib/intel64_lin/for_main.o -L/apps/openmpi/4.0.2/lib/Intel -L/apps/openmpi/4.0.2/lib -L/apps/openmpi/4.0.2/lib/profilers -L/apps/intel-ct/2020.2.254/compiler/lib -L/apps/intel/compilers_and_libraries_2020.2.254/linux/compiler/lib/intel64_lin -L/half-root/usr/bin/../lib/gcc/x86_64-redhat-linux/8/ -L/half-root/usr/bin/../lib/gcc/ -L/half-root/usr/bin/../lib/gcc/x86_64-redhat-linux/8/../../../../lib64 -L/half-root/usr/bin/../lib/gcc/x86_64-redhat-linux/8/../../../../lib64/ -L/lib/../lib64 -L/lib/../lib64/ -L/usr/lib/../lib64 -L/usr/lib/../lib64/ -L/apps/openmpi/4.0.2/lib/Intel/ -L/apps/openmpi/4.0.2/lib/GNU/ -L/apps/openmpi/4.0.2/lib/ -L/apps/intel-ct/2020.2.254/compiler/lib/ -L/half-root/usr/bin/../lib/gcc/x86_64-redhat-linux/8/../../../ -L/lib64 -L/lib/ -L/usr/lib64 -L/usr/lib /scratch/z00/fxf900/tmp/ifortfgAGkN.o -Bdynamic -Bstatic -lifport -lifcoremt -limf -lsvml -Bdynamic -lm -Bstatic -lipgo -lirc -Bdynamic -lpthread -Bstatic -lsvml -Bdynamic -lc -lgcc -lgcc_s -Bstatic -lirc_s -Bdynamic -ldl -lc /half-root/usr/bin/../lib/gcc/x86_64-redhat-linux/8/crtend.o /half-root/usr/bin/../lib/gcc/x86_64-redhat-linux/8/../../../../lib64/crtn.o


Compilation of the Fortran compiler identification source "CMakeFortranCompilerId.F" produced "a.out"

The Fortran compiler identification is Intel, found in "/g/data/nf47/HPCD-CFD-WaveqLab3D/Waveqlab/build_CascadeLake/CMakeFiles/3.20.2/CompilerIdFortran/a.out"

Detecting Fortran compiler ABI info compiled with the following output:
Change Dir: /g/data/nf47/HPCD-CFD-WaveqLab3D/Waveqlab/build_CascadeLake/CMakeFiles/CMakeTmp

Run Build Command(s):/bin/gmake -f Makefile cmTC_57328/fast && /bin/gmake  -f CMakeFiles/cmTC_57328.dir/build.make CMakeFiles/cmTC_57328.dir/build
gmake[1]: Entering directory '/g/data/nf47/HPCD-CFD-WaveqLab3D/Waveqlab/build_CascadeLake/CMakeFiles/CMakeTmp'
Building Fortran object CMakeFiles/cmTC_57328.dir/CMakeFortranCompilerABI.F.o
/apps/intel-ct/wrapper/ifort   -v -c /half-root/usr/share/cmake/Modules/CMakeFortranCompilerABI.F -o CMakeFiles/cmTC_57328.dir/CMakeFortranCompilerABI.F.o
ifort version 19.1.2.254
/apps/intel/compilers_and_libraries_2020.2.254/linux/bin/intel64/fpp    -D__INTEL_COMPILER=1910 -D__INTEL_COMPILER_UPDATE=2 -D__unix__ -D__unix -D__linux__ -D__linux -D__gnu_linux__ -Dunix -Dlinux -D__ELF__ -D__x86_64 -D__x86_64__ -D__amd64 -D__amd64__ -D__INTEL_COMPILER_BUILD_DATE=20200623 -D__INTEL_OFFLOAD -D__MMX__ -D__SSE__ -D__SSE_MATH__ -D__SSE2__ -D__SSE2_MATH__ -D__pentium4 -D__pentium4__ -D__tune_pentium4__ -I. -I/apps/openmpi/4.0.2/include/Intel -I/apps/openmpi/4.0.2/include -I/opt/Modules/v4.3.0/init/ksh-functions -I/apps/openmpi/4.0.2/include -I/apps/intel/compilers_and_libraries_2020.2.254/linux/compiler/include/intel64 -I/apps/intel/compilers_and_libraries_2020.2.254/linux/compiler/include/icc -I/apps/intel/compilers_and_libraries_2020.2.254/linux/compiler/include -I/usr/local/include -I/half-root/usr/bin/../lib/gcc/x86_64-redhat-linux/8/include -I/half-root/usr/bin/../include/ -I/usr/include -fixed -4Ycpp -4Ncvf -f_com=yes -MX /half-root/usr/share/cmake/Modules/CMakeFortranCompilerABI.F /scratch/z00/fxf900/tmp/ifortWIfqKe.i
#include "..." search starts here:
#include <...> search starts here:
 .
 /apps/openmpi/4.0.2/include/Intel
 /apps/openmpi/4.0.2/include
 /opt/Modules/v4.3.0/init/ksh-functions
 /apps/openmpi/4.0.2/include
 /apps/intel/compilers_and_libraries_2020.2.254/linux/compiler/include/intel64
 /apps/intel/compilers_and_libraries_2020.2.254/linux/compiler/include/icc
 /apps/intel/compilers_and_libraries_2020.2.254/linux/compiler/include
 /usr/local/include
 /half-root/usr/bin/../lib/gcc/x86_64-redhat-linux/8/include
 /half-root/usr/bin/../include/
 /usr/include
End of search list.
/apps/intel/compilers_and_libraries_2020.2.254/linux/bin/intel64/fortcom    -D__INTEL_COMPILER=1910 -D__INTEL_COMPILER_UPDATE=2 -D__unix__ -D__unix -D__linux__ -D__linux -D__gnu_linux__ -Dunix -Dlinux -D__ELF__ -D__x86_64 -D__x86_64__ -D__amd64 -D__amd64__ -D__INTEL_COMPILER_BUILD_DATE=20200623 -D__INTEL_OFFLOAD -D__MMX__ -D__SSE__ -D__SSE_MATH__ -D__SSE2__ -D__SSE2_MATH__ -D__pentium4 -D__pentium4__ -D__tune_pentium4__ -I/half-root/usr/share/cmake/Modules -I. -I/apps/openmpi/4.0.2/include/Intel -I/apps/openmpi/4.0.2/include -I/opt/Modules/v4.3.0/init/ksh-functions -I/apps/openmpi/4.0.2/include -I/apps/intel/compilers_and_libraries_2020.2.254/linux/compiler/include/intel64 -I/apps/intel/compilers_and_libraries_2020.2.254/linux/compiler/include/icc -I/apps/intel/compilers_and_libraries_2020.2.254/linux/compiler/include -I/usr/local/include -I/half-root/usr/bin/../lib/gcc/x86_64-redhat-linux/8/include -I/half-root/usr/bin/../include/ -I/usr/include -omp_simd -O2 "-reentrancy threaded" -simd -offload_host -mGLOB_em64t=TRUE -mP1OPT_version=19.1-intel64 -mGLOB_diag_file=CMakeFiles/cmTC_57328.dir/CMakeFortranCompilerABI.F.diag -mGLOB_long_size_64 -mGLOB_routine_pointer_size_64 -mGLOB_source_language=GLOB_SOURCE_LANGUAGE_F90 -mP2OPT_static_promotion -mGLOB_pack_sort_init_list -mP1OPT_print_version=FALSE -mCG_use_gas_got_workaround=F -mP2OPT_align_option_used=TRUE -mGLOB_gcc_version=850 "-mGLOB_options_string=-I/apps/openmpi/4.0.2/include/Intel -I/apps/openmpi/4.0.2/include -I/opt/Modules/v4.3.0/init/ksh-functions -v -c -o CMakeFiles/cmTC_57328.dir/CMakeFortranCompilerABI.F.o" -mGLOB_cxx_limited_range=FALSE -mCG_extend_parms=FALSE -mGLOB_compiler_bin_directory=/apps/intel/compilers_and_libraries_2020.2.254/linux/bin/intel64 -mGLOB_as_output_backup_file_name=/scratch/z00/fxf900/tmp/ifortc9pu3vas_.s -mIPOPT_activate -mIPOPT_lite -mGLOB_uarch_tuning=0x0 -mGLOB_product_id_code=0x22006d91 -mCG_bnl_movbe=T -mP3OPT_use_mspp_call_convention -mP2OPT_subs_out_of_bound=FALSE -mP2OPT_disam_type_based_disam=2 -mGLOB_ansi_alias -mPGOPTI_value_profile_use=T -mGLOB_offload_mode=1 -mP2OPT_offload_unique_var_string=ifort0280322461OntDXd -mP2OPT_hlo_level=2 -mP2OPT_hlo -mP2OPT_hpo_rtt_control=0 -mIPOPT_args_in_regs=0 -mP2OPT_disam_assume_nonstd_intent_in=FALSE -mGLOB_imf_mapping_library=/apps/intel/compilers_and_libraries_2020.2.254/linux/bin/intel64/libiml_attr.so -mPGOPTI_gen_threadsafe_level=0 -mIPOPT_lto_object_enabled -mIPOPT_lto_object_value=1 -mIPOPT_obj_output_file_name=CMakeFiles/cmTC_57328.dir/CMakeFortranCompilerABI.F.o -mIPOPT_whole_archive_fixup_file_name=/scratch/z00/fxf900/tmp/ifortwarchafV11T -mGLOB_linker_version=2.30 -mGLOB_linker=ld -mGLOB_driver_tempfile_name=/scratch/z00/fxf900/tmp/iforttempfilexP0NMX -mP3OPT_asm_target=P3OPT_ASM_TARGET_GAS -mGLOB_async_unwind_tables=TRUE -mGLOB_obj_output_file=CMakeFiles/cmTC_57328.dir/CMakeFortranCompilerABI.F.o -mGLOB_source_dialect=GLOB_SOURCE_DIALECT_FORTRAN -mP1OPT_source_file_name=/half-root/usr/share/cmake/Modules/CMakeFortranCompilerABI.F -mP1OPT_full_source_file_name=/half-root/usr/share/cmake/Modules/CMakeFortranCompilerABI.F -mP2OPT_symtab_type_copy=true /scratch/z00/fxf900/tmp/ifortWIfqKe.i
#include "..." search starts here:
#include <...> search starts here:
 /half-root/usr/share/cmake/Modules
 .
 /apps/openmpi/4.0.2/include/Intel
 /apps/openmpi/4.0.2/include
 /opt/Modules/v4.3.0/init/ksh-functions
 /apps/openmpi/4.0.2/include
 /apps/intel/compilers_and_libraries_2020.2.254/linux/compiler/include/intel64
 /apps/intel/compilers_and_libraries_2020.2.254/linux/compiler/include/icc
 /apps/intel/compilers_and_libraries_2020.2.254/linux/compiler/include
 /usr/local/include
 /half-root/usr/bin/../lib/gcc/x86_64-redhat-linux/8/include
 /half-root/usr/bin/../include/
 /usr/include
End of search list.
Linking Fortran executable cmTC_57328
/half-root/usr/bin/cmake -E cmake_link_script CMakeFiles/cmTC_57328.dir/link.txt --verbose=1
/apps/intel-ct/wrapper/ifort  -v CMakeFiles/cmTC_57328.dir/CMakeFortranCompilerABI.F.o -o cmTC_57328 
ifort version 19.1.2.254
/apps/intel/compilers_and_libraries_2020.2.254/linux/bin/intel64/fortcom    -mGLOB_em64t=TRUE -mP1OPT_version=19.1-intel64 -mGLOB_diag_file=CMakeFiles/cmTC_57328.dir/CMakeFortranCompilerABI.F.diag -mGLOB_long_size_64 -mGLOB_routine_pointer_size_64 -mGLOB_source_language=GLOB_SOURCE_LANGUAGE_F90 -mP2OPT_static_promotion -mGLOB_pack_sort_init_list -mP1OPT_print_version=FALSE -mCG_use_gas_got_workaround=F -mP2OPT_align_option_used=TRUE -mGLOB_gcc_version=850 "-mGLOB_options_string=-I/apps/openmpi/4.0.2/include/Intel -I/apps/openmpi/4.0.2/include -I/opt/Modules/v4.3.0/init/ksh-functions -v -o cmTC_57328" -mGLOB_cxx_limited_range=FALSE -mCG_extend_parms=FALSE -mGLOB_compiler_bin_directory=/apps/intel/compilers_and_libraries_2020.2.254/linux/bin/intel64 -mGLOB_as_output_backup_file_name=/scratch/z00/fxf900/tmp/ifortrKvr41as_.s -mGLOB_dashboard_use_source_name -mIPOPT_activate -mGLOB_product_id_code=0x22006d91 -mP3OPT_use_mspp_call_convention -mP2OPT_subs_out_of_bound=FALSE -mP2OPT_disam_type_based_disam=2 -mGLOB_ansi_alias -mPGOPTI_value_profile_use=T -mGLOB_opt_report_use_source_name -mGLOB_offload_mode=1 -mP2OPT_offload_unique_var_string=ifort1442374496UZllrB -mP2OPT_hlo -mP2OPT_hpo_rtt_control=0 -mIPOPT_args_in_regs=0 -mP2OPT_disam_assume_nonstd_intent_in=FALSE -mGLOB_imf_mapping_library=/apps/intel/compilers_and_libraries_2020.2.254/linux/bin/intel64/libiml_attr.so -mPGOPTI_gen_threadsafe_level=0 -mIPOPT_link -mIPOPT_ipo_activate -mIPOPT_mo_activate -mIPOPT_source_files_list=/scratch/z00/fxf900/tmp/ifortslisMRHPA1 -mIPOPT_mo_global_data -mIPOPT_link_script_file=/scratch/z00/fxf900/tmp/ifortscriptNMJlVv "-mIPOPT_cmdline_link="/half-root/usr/bin/../lib/gcc/x86_64-redhat-linux/8/../../../../lib64/crt1.o" "/half-root/usr/bin/../lib/gcc/x86_64-redhat-linux/8/../../../../lib64/crti.o" "/half-root/usr/bin/../lib/gcc/x86_64-redhat-linux/8/crtbegin.o" "--eh-frame-hdr" "--build-id" "-dynamic-linker" "/lib64/ld-linux-x86-64.so.2" "-m" "elf_x86_64" "-plugin" "/apps/intel/compilers_and_libraries_2020.2.254/linux/bin/intel64/../../lib/LLVMgold.so" "-o" "cmTC_57328" "/apps/intel/compilers_and_libraries_2020.2.254/linux/compiler/lib/intel64_lin/for_main.o" "-L/apps/openmpi/4.0.2/lib/Intel" "-L/apps/openmpi/4.0.2/lib" "-L/apps/openmpi/4.0.2/lib/profilers" "-L/apps/intel-ct/2020.2.254/compiler/lib" "-L/apps/intel/compilers_and_libraries_2020.2.254/linux/compiler/lib/intel64_lin" "-L/half-root/usr/bin/../lib/gcc/x86_64-redhat-linux/8/" "-L/half-root/usr/bin/../lib/gcc/" "-L/half-root/usr/bin/../lib/gcc/x86_64-redhat-linux/8/../../../../lib64" "-L/half-root/usr/bin/../lib/gcc/x86_64-redhat-linux/8/../../../../lib64/" "-L/lib/../lib64" "-L/lib/../lib64/" "-L/usr/lib/../lib64" "-L/usr/lib/../lib64/" "-L/apps/openmpi/4.0.2/lib/Intel/" "-L/apps/openmpi/4.0.2/lib/GNU/" "-L/apps/openmpi/4.0.2/lib/" "-L/apps/intel-ct/2020.2.254/compiler/lib/" "-L/half-root/usr/bin/../lib/gcc/x86_64-redhat-linux/8/../../../" "-L/lib64" "-L/lib/" "-L/usr/lib64" "-L/usr/lib" "CMakeFiles/cmTC_57328.dir/CMakeFortranCompilerABI.F.o" "-Bdynamic" "-Bstatic" "-lifport" "-lifcoremt" "-limf" "-lsvml" "-Bdynamic" "-lm" "-Bstatic" "-lipgo" "-lirc" "-Bdynamic" "-lpthread" "-Bstatic" "-lsvml" "-Bdynamic" "-lc" "-lgcc" "-lgcc_s" "-Bstatic" "-lirc_s" "-Bdynamic" "-ldl" "-lc" "/half-root/usr/bin/../lib/gcc/x86_64-redhat-linux/8/crtend.o" "/half-root/usr/bin/../lib/gcc/x86_64-redhat-linux/8/../../../../lib64/crtn.o"" -mIPOPT_il_in_obj -mIPOPT_ipo_activate_warn=FALSE -mIPOPT_obj_output_file_name=/scratch/z00/fxf900/tmp/ipo_ifortjCWjhr.o -mIPOPT_whole_archive_fixup_file_name=/scratch/z00/fxf900/tmp/ifortwarch1J1uE5 -mGLOB_linker_version=2.30 -mGLOB_linker=ld -mGLOB_driver_tempfile_name=/scratch/z00/fxf900/tmp/iforttempfileRvIeSq -mP3OPT_asm_target=P3OPT_ASM_TARGET_GAS -mGLOB_async_unwind_tables=TRUE -mGLOB_obj_output_file=/scratch/z00/fxf900/tmp/ipo_ifortjCWjhr.o -mGLOB_source_dialect=GLOB_SOURCE_DIALECT_NONE -mP1OPT_source_file_name=ipo_out.f -mP2OPT_symtab_type_copy=true CMakeFiles/cmTC_57328.dir/CMakeFortranCompilerABI.F.o -mIPOPT_object_files=T -mIPOPT_assembly_files=/scratch/z00/fxf900/tmp/ifortalisnobWWQ -mIPOPT_generated_tempfiles=/scratch/z00/fxf900/tmp/ifortelisbKpyLf -mIPOPT_embedded_object_base_name=/scratch/z00/fxf900/tmp/iforteobjvoSG47 -mIPOPT_cmdline_link_new_name=/scratch/z00/fxf900/tmp/ifortllisvue6k0
ld    /half-root/usr/bin/../lib/gcc/x86_64-redhat-linux/8/../../../../lib64/crt1.o /half-root/usr/bin/../lib/gcc/x86_64-redhat-linux/8/../../../../lib64/crti.o /half-root/usr/bin/../lib/gcc/x86_64-redhat-linux/8/crtbegin.o --eh-frame-hdr --build-id -dynamic-linker /lib64/ld-linux-x86-64.so.2 -m elf_x86_64 -plugin /apps/intel/compilers_and_libraries_2020.2.254/linux/bin/intel64/../../lib/LLVMgold.so -o cmTC_57328 /apps/intel/compilers_and_libraries_2020.2.254/linux/compiler/lib/intel64_lin/for_main.o -L/apps/openmpi/4.0.2/lib/Intel -L/apps/openmpi/4.0.2/lib -L/apps/openmpi/4.0.2/lib/profilers -L/apps/intel-ct/2020.2.254/compiler/lib -L/apps/intel/compilers_and_libraries_2020.2.254/linux/compiler/lib/intel64_lin -L/half-root/usr/bin/../lib/gcc/x86_64-redhat-linux/8/ -L/half-root/usr/bin/../lib/gcc/ -L/half-root/usr/bin/../lib/gcc/x86_64-redhat-linux/8/../../../../lib64 -L/half-root/usr/bin/../lib/gcc/x86_64-redhat-linux/8/../../../../lib64/ -L/lib/../lib64 -L/lib/../lib64/ -L/usr/lib/../lib64 -L/usr/lib/../lib64/ -L/apps/openmpi/4.0.2/lib/Intel/ -L/apps/openmpi/4.0.2/lib/GNU/ -L/apps/openmpi/4.0.2/lib/ -L/apps/intel-ct/2020.2.254/compiler/lib/ -L/half-root/usr/bin/../lib/gcc/x86_64-redhat-linux/8/../../../ -L/lib64 -L/lib/ -L/usr/lib64 -L/usr/lib CMakeFiles/cmTC_57328.dir/CMakeFortranCompilerABI.F.o -Bdynamic -Bstatic -lifport -lifcoremt -limf -lsvml -Bdynamic -lm -Bstatic -lipgo -lirc -Bdynamic -lpthread -Bstatic -lsvml -Bdynamic -lc -lgcc -lgcc_s -Bstatic -lirc_s -Bdynamic -ldl -lc /half-root/usr/bin/../lib/gcc/x86_64-redhat-linux/8/crtend.o /half-root/usr/bin/../lib/gcc/x86_64-redhat-linux/8/../../../../lib64/crtn.o
gmake[1]: Leaving directory '/g/data/nf47/HPCD-CFD-WaveqLab3D/Waveqlab/build_CascadeLake/CMakeFiles/CMakeTmp'



Parsed Fortran implicit include dir info from above output: rv=done
  found start of include info
  found start of implicit include info
    add: [.]
    add: [/apps/openmpi/4.0.2/include/Intel]
    add: [/apps/openmpi/4.0.2/include]
    add: [/opt/Modules/v4.3.0/init/ksh-functions]
    add: [/apps/openmpi/4.0.2/include]
    add: [/apps/intel/compilers_and_libraries_2020.2.254/linux/compiler/include/intel64]
    add: [/apps/intel/compilers_and_libraries_2020.2.254/linux/compiler/include/icc]
    add: [/apps/intel/compilers_and_libraries_2020.2.254/linux/compiler/include]
    add: [/usr/local/include]
    add: [/half-root/usr/bin/../lib/gcc/x86_64-redhat-linux/8/include]
    add: [/half-root/usr/bin/../include/]
    add: [/usr/include]
  end of search list found
  skipping relative include dir [.]
  collapse include dir [/apps/openmpi/4.0.2/include/Intel] ==> [/apps/openmpi/4.0.2/include/Intel]
  collapse include dir [/apps/openmpi/4.0.2/include] ==> [/apps/openmpi/4.0.2/include]
  collapse include dir [/opt/Modules/v4.3.0/init/ksh-functions] ==> [/opt/Modules/v4.3.0/init/ksh-functions]
  collapse include dir [/apps/openmpi/4.0.2/include] ==> [/apps/openmpi/4.0.2/include]
  collapse include dir [/apps/intel/compilers_and_libraries_2020.2.254/linux/compiler/include/intel64] ==> [/apps/intel/compilers_and_libraries_2020.2.254/linux/compiler/include/intel64]
  collapse include dir [/apps/intel/compilers_and_libraries_2020.2.254/linux/compiler/include/icc] ==> [/apps/intel/compilers_and_libraries_2020.2.254/linux/compiler/include/icc]
  collapse include dir [/apps/intel/compilers_and_libraries_2020.2.254/linux/compiler/include] ==> [/apps/intel/compilers_and_libraries_2020.2.254/linux/compiler/include]
  collapse include dir [/usr/local/include] ==> [/usr/local/include]
  collapse include dir [/half-root/usr/bin/../lib/gcc/x86_64-redhat-linux/8/include] ==> [/half-root/usr/lib/gcc/x86_64-redhat-linux/8/include]
  collapse include dir [/half-root/usr/bin/../include/] ==> [/half-root/usr/include]
  collapse include dir [/usr/include] ==> [/usr/include]
  implicit include dirs: [/apps/openmpi/4.0.2/include/Intel;/apps/openmpi/4.0.2/include;/opt/Modules/v4.3.0/init/ksh-functions;/apps/intel/compilers_and_libraries_2020.2.254/linux/compiler/include/intel64;/apps/intel/compilers_and_libraries_2020.2.254/linux/compiler/include/icc;/apps/intel/compilers_and_libraries_2020.2.254/linux/compiler/include;/usr/local/include;/half-root/usr/lib/gcc/x86_64-redhat-linux/8/include;/half-root/usr/include;/usr/include]


Parsed Fortran implicit link information from above output:
  link line regex: [^( *|.*[/\])(ld|CMAKE_LINK_STARTFILE-NOTFOUND|([^/\]+-)?ld|collect2)[^/\]*( |$)]
  ignore line: [Change Dir: /g/data/nf47/HPCD-CFD-WaveqLab3D/Waveqlab/build_CascadeLake/CMakeFiles/CMakeTmp]
  ignore line: []
  ignore line: [Run Build Command(s):/bin/gmake -f Makefile cmTC_57328/fast && /bin/gmake  -f CMakeFiles/cmTC_57328.dir/build.make CMakeFiles/cmTC_57328.dir/build]
  ignore line: [gmake[1]: Entering directory '/g/data/nf47/HPCD-CFD-WaveqLab3D/Waveqlab/build_CascadeLake/CMakeFiles/CMakeTmp']
  ignore line: [Building Fortran object CMakeFiles/cmTC_57328.dir/CMakeFortranCompilerABI.F.o]
  ignore line: [/apps/intel-ct/wrapper/ifort   -v -c /half-root/usr/share/cmake/Modules/CMakeFortranCompilerABI.F -o CMakeFiles/cmTC_57328.dir/CMakeFortranCompilerABI.F.o]
  ignore line: [ifort version 19.1.2.254]
  ignore line: [/apps/intel/compilers_and_libraries_2020.2.254/linux/bin/intel64/fpp    -D__INTEL_COMPILER=1910 -D__INTEL_COMPILER_UPDATE=2 -D__unix__ -D__unix -D__linux__ -D__linux -D__gnu_linux__ -Dunix -Dlinux -D__ELF__ -D__x86_64 -D__x86_64__ -D__amd64 -D__amd64__ -D__INTEL_COMPILER_BUILD_DATE=20200623 -D__INTEL_OFFLOAD -D__MMX__ -D__SSE__ -D__SSE_MATH__ -D__SSE2__ -D__SSE2_MATH__ -D__pentium4 -D__pentium4__ -D__tune_pentium4__ -I. -I/apps/openmpi/4.0.2/include/Intel -I/apps/openmpi/4.0.2/include -I/opt/Modules/v4.3.0/init/ksh-functions -I/apps/openmpi/4.0.2/include -I/apps/intel/compilers_and_libraries_2020.2.254/linux/compiler/include/intel64 -I/apps/intel/compilers_and_libraries_2020.2.254/linux/compiler/include/icc -I/apps/intel/compilers_and_libraries_2020.2.254/linux/compiler/include -I/usr/local/include -I/half-root/usr/bin/../lib/gcc/x86_64-redhat-linux/8/include -I/half-root/usr/bin/../include/ -I/usr/include -fixed -4Ycpp -4Ncvf -f_com=yes -MX /half-root/usr/share/cmake/Modules/CMakeFortranCompilerABI.F /scratch/z00/fxf900/tmp/ifortWIfqKe.i]
  ignore line: [#include "..." search starts here:]
  ignore line: [#include <...> search starts here:]
  ignore line: [ .]
  ignore line: [ /apps/openmpi/4.0.2/include/Intel]
  ignore line: [ /apps/openmpi/4.0.2/include]
  ignore line: [ /opt/Modules/v4.3.0/init/ksh-functions]
  ignore line: [ /apps/openmpi/4.0.2/include]
  ignore line: [ /apps/intel/compilers_and_libraries_2020.2.254/linux/compiler/include/intel64]
  ignore line: [ /apps/intel/compilers_and_libraries_2020.2.254/linux/compiler/include/icc]
  ignore line: [ /apps/intel/compilers_and_libraries_2020.2.254/linux/compiler/include]
  ignore line: [ /usr/local/include]
  ignore line: [ /half-root/usr/bin/../lib/gcc/x86_64-redhat-linux/8/include]
  ignore line: [ /half-root/usr/bin/../include/]
  ignore line: [ /usr/include]
  ignore line: [End of search list.]
  ignore line: [/apps/intel/compilers_and_libraries_2020.2.254/linux/bin/intel64/fortcom    -D__INTEL_COMPILER=1910 -D__INTEL_COMPILER_UPDATE=2 -D__unix__ -D__unix -D__linux__ -D__linux -D__gnu_linux__ -Dunix -Dlinux -D__ELF__ -D__x86_64 -D__x86_64__ -D__amd64 -D__amd64__ -D__INTEL_COMPILER_BUILD_DATE=20200623 -D__INTEL_OFFLOAD -D__MMX__ -D__SSE__ -D__SSE_MATH__ -D__SSE2__ -D__SSE2_MATH__ -D__pentium4 -D__pentium4__ -D__tune_pentium4__ -I/half-root/usr/share/cmake/Modules -I. -I/apps/openmpi/4.0.2/include/Intel -I/apps/openmpi/4.0.2/include -I/opt/Modules/v4.3.0/init/ksh-functions -I/apps/openmpi/4.0.2/include -I/apps/intel/compilers_and_libraries_2020.2.254/linux/compiler/include/intel64 -I/apps/intel/compilers_and_libraries_2020.2.254/linux/compiler/include/icc -I/apps/intel/compilers_and_libraries_2020.2.254/linux/compiler/include -I/usr/local/include -I/half-root/usr/bin/../lib/gcc/x86_64-redhat-linux/8/include -I/half-root/usr/bin/../include/ -I/usr/include -omp_simd -O2 "-reentrancy threaded" -simd -offload_host -mGLOB_em64t=TRUE -mP1OPT_version=19.1-intel64 -mGLOB_diag_file=CMakeFiles/cmTC_57328.dir/CMakeFortranCompilerABI.F.diag -mGLOB_long_size_64 -mGLOB_routine_pointer_size_64 -mGLOB_source_language=GLOB_SOURCE_LANGUAGE_F90 -mP2OPT_static_promotion -mGLOB_pack_sort_init_list -mP1OPT_print_version=FALSE -mCG_use_gas_got_workaround=F -mP2OPT_align_option_used=TRUE -mGLOB_gcc_version=850 "-mGLOB_options_string=-I/apps/openmpi/4.0.2/include/Intel -I/apps/openmpi/4.0.2/include -I/opt/Modules/v4.3.0/init/ksh-functions -v -c -o CMakeFiles/cmTC_57328.dir/CMakeFortranCompilerABI.F.o" -mGLOB_cxx_limited_range=FALSE -mCG_extend_parms=FALSE -mGLOB_compiler_bin_directory=/apps/intel/compilers_and_libraries_2020.2.254/linux/bin/intel64 -mGLOB_as_output_backup_file_name=/scratch/z00/fxf900/tmp/ifortc9pu3vas_.s -mIPOPT_activate -mIPOPT_lite -mGLOB_uarch_tuning=0x0 -mGLOB_product_id_code=0x22006d91 -mCG_bnl_movbe=T -mP3OPT_use_mspp_call_convention -mP2OPT_subs_out_of_bound=FALSE -mP2OPT_disam_type_based_disam=2 -mGLOB_ansi_alias -mPGOPTI_value_profile_use=T -mGLOB_offload_mode=1 -mP2OPT_offload_unique_var_string=ifort0280322461OntDXd -mP2OPT_hlo_level=2 -mP2OPT_hlo -mP2OPT_hpo_rtt_control=0 -mIPOPT_args_in_regs=0 -mP2OPT_disam_assume_nonstd_intent_in=FALSE -mGLOB_imf_mapping_library=/apps/intel/compilers_and_libraries_2020.2.254/linux/bin/intel64/libiml_attr.so -mPGOPTI_gen_threadsafe_level=0 -mIPOPT_lto_object_enabled -mIPOPT_lto_object_value=1 -mIPOPT_obj_output_file_name=CMakeFiles/cmTC_57328.dir/CMakeFortranCompilerABI.F.o -mIPOPT_whole_archive_fixup_file_name=/scratch/z00/fxf900/tmp/ifortwarchafV11T -mGLOB_linker_version=2.30 -mGLOB_linker=ld -mGLOB_driver_tempfile_name=/scratch/z00/fxf900/tmp/iforttempfilexP0NMX -mP3OPT_asm_target=P3OPT_ASM_TARGET_GAS -mGLOB_async_unwind_tables=TRUE -mGLOB_obj_output_file=CMakeFiles/cmTC_57328.dir/CMakeFortranCompilerABI.F.o -mGLOB_source_dialect=GLOB_SOURCE_DIALECT_FORTRAN -mP1OPT_source_file_name=/half-root/usr/share/cmake/Modules/CMakeFortranCompilerABI.F -mP1OPT_full_source_file_name=/half-root/usr/share/cmake/Modules/CMakeFortranCompilerABI.F -mP2OPT_symtab_type_copy=true /scratch/z00/fxf900/tmp/ifortWIfqKe.i]
  ignore line: [#include "..." search starts here:]
  ignore line: [#include <...> search starts here:]
  ignore line: [ /half-root/usr/share/cmake/Modules]
  ignore line: [ .]
  ignore line: [ /apps/openmpi/4.0.2/include/Intel]
  ignore line: [ /apps/openmpi/4.0.2/include]
  ignore line: [ /opt/Modules/v4.3.0/init/ksh-functions]
  ignore line: [ /apps/openmpi/4.0.2/include]
  ignore line: [ /apps/intel/compilers_and_libraries_2020.2.254/linux/compiler/include/intel64]
  ignore line: [ /apps/intel/compilers_and_libraries_2020.2.254/linux/compiler/include/icc]
  ignore line: [ /apps/intel/compilers_and_libraries_2020.2.254/linux/compiler/include]
  ignore line: [ /usr/local/include]
  ignore line: [ /half-root/usr/bin/../lib/gcc/x86_64-redhat-linux/8/include]
  ignore line: [ /half-root/usr/bin/../include/]
  ignore line: [ /usr/include]
  ignore line: [End of search list.]
  ignore line: [Linking Fortran executable cmTC_57328]
  ignore line: [/half-root/usr/bin/cmake -E cmake_link_script CMakeFiles/cmTC_57328.dir/link.txt --verbose=1]
  ignore line: [/apps/intel-ct/wrapper/ifort  -v CMakeFiles/cmTC_57328.dir/CMakeFortranCompilerABI.F.o -o cmTC_57328 ]
  ignore line: [ifort version 19.1.2.254]
  ignore line: [/apps/intel/compilers_and_libraries_2020.2.254/linux/bin/intel64/fortcom    -mGLOB_em64t=TRUE -mP1OPT_version=19.1-intel64 -mGLOB_diag_file=CMakeFiles/cmTC_57328.dir/CMakeFortranCompilerABI.F.diag -mGLOB_long_size_64 -mGLOB_routine_pointer_size_64 -mGLOB_source_language=GLOB_SOURCE_LANGUAGE_F90 -mP2OPT_static_promotion -mGLOB_pack_sort_init_list -mP1OPT_print_version=FALSE -mCG_use_gas_got_workaround=F -mP2OPT_align_option_used=TRUE -mGLOB_gcc_version=850 "-mGLOB_options_string=-I/apps/openmpi/4.0.2/include/Intel -I/apps/openmpi/4.0.2/include -I/opt/Modules/v4.3.0/init/ksh-functions -v -o cmTC_57328" -mGLOB_cxx_limited_range=FALSE -mCG_extend_parms=FALSE -mGLOB_compiler_bin_directory=/apps/intel/compilers_and_libraries_2020.2.254/linux/bin/intel64 -mGLOB_as_output_backup_file_name=/scratch/z00/fxf900/tmp/ifortrKvr41as_.s -mGLOB_dashboard_use_source_name -mIPOPT_activate -mGLOB_product_id_code=0x22006d91 -mP3OPT_use_mspp_call_convention -mP2OPT_subs_out_of_bound=FALSE -mP2OPT_disam_type_based_disam=2 -mGLOB_ansi_alias -mPGOPTI_value_profile_use=T -mGLOB_opt_report_use_source_name -mGLOB_offload_mode=1 -mP2OPT_offload_unique_var_string=ifort1442374496UZllrB -mP2OPT_hlo -mP2OPT_hpo_rtt_control=0 -mIPOPT_args_in_regs=0 -mP2OPT_disam_assume_nonstd_intent_in=FALSE -mGLOB_imf_mapping_library=/apps/intel/compilers_and_libraries_2020.2.254/linux/bin/intel64/libiml_attr.so -mPGOPTI_gen_threadsafe_level=0 -mIPOPT_link -mIPOPT_ipo_activate -mIPOPT_mo_activate -mIPOPT_source_files_list=/scratch/z00/fxf900/tmp/ifortslisMRHPA1 -mIPOPT_mo_global_data -mIPOPT_link_script_file=/scratch/z00/fxf900/tmp/ifortscriptNMJlVv "-mIPOPT_cmdline_link="/half-root/usr/bin/../lib/gcc/x86_64-redhat-linux/8/../../../../lib64/crt1.o" "/half-root/usr/bin/../lib/gcc/x86_64-redhat-linux/8/../../../../lib64/crti.o" "/half-root/usr/bin/../lib/gcc/x86_64-redhat-linux/8/crtbegin.o" "--eh-frame-hdr" "--build-id" "-dynamic-linker" "/lib64/ld-linux-x86-64.so.2" "-m" "elf_x86_64" "-plugin" "/apps/intel/compilers_and_libraries_2020.2.254/linux/bin/intel64/../../lib/LLVMgold.so" "-o" "cmTC_57328" "/apps/intel/compilers_and_libraries_2020.2.254/linux/compiler/lib/intel64_lin/for_main.o" "-L/apps/openmpi/4.0.2/lib/Intel" "-L/apps/openmpi/4.0.2/lib" "-L/apps/openmpi/4.0.2/lib/profilers" "-L/apps/intel-ct/2020.2.254/compiler/lib" "-L/apps/intel/compilers_and_libraries_2020.2.254/linux/compiler/lib/intel64_lin" "-L/half-root/usr/bin/../lib/gcc/x86_64-redhat-linux/8/" "-L/half-root/usr/bin/../lib/gcc/" "-L/half-root/usr/bin/../lib/gcc/x86_64-redhat-linux/8/../../../../lib64" "-L/half-root/usr/bin/../lib/gcc/x86_64-redhat-linux/8/../../../../lib64/" "-L/lib/../lib64" "-L/lib/../lib64/" "-L/usr/lib/../lib64" "-L/usr/lib/../lib64/" "-L/apps/openmpi/4.0.2/lib/Intel/" "-L/apps/openmpi/4.0.2/lib/GNU/" "-L/apps/openmpi/4.0.2/lib/" "-L/apps/intel-ct/2020.2.254/compiler/lib/" "-L/half-root/usr/bin/../lib/gcc/x86_64-redhat-linux/8/../../../" "-L/lib64" "-L/lib/" "-L/usr/lib64" "-L/usr/lib" "CMakeFiles/cmTC_57328.dir/CMakeFortranCompilerABI.F.o" "-Bdynamic" "-Bstatic" "-lifport" "-lifcoremt" "-limf" "-lsvml" "-Bdynamic" "-lm" "-Bstatic" "-lipgo" "-lirc" "-Bdynamic" "-lpthread" "-Bstatic" "-lsvml" "-Bdynamic" "-lc" "-lgcc" "-lgcc_s" "-Bstatic" "-lirc_s" "-Bdynamic" "-ldl" "-lc" "/half-root/usr/bin/../lib/gcc/x86_64-redhat-linux/8/crtend.o" "/half-root/usr/bin/../lib/gcc/x86_64-redhat-linux/8/../../../../lib64/crtn.o"" -mIPOPT_il_in_obj -mIPOPT_ipo_activate_warn=FALSE -mIPOPT_obj_output_file_name=/scratch/z00/fxf900/tmp/ipo_ifortjCWjhr.o -mIPOPT_whole_archive_fixup_file_name=/scratch/z00/fxf900/tmp/ifortwarch1J1uE5 -mGLOB_linker_version=2.30 -mGLOB_linker=ld -mGLOB_driver_tempfile_name=/scratch/z00/fxf900/tmp/iforttempfileRvIeSq -mP3OPT_asm_target=P3OPT_ASM_TARGET_GAS -mGLOB_async_unwind_tables=TRUE -mGLOB_obj_output_file=/scratch/z00/fxf900/tmp/ipo_ifortjCWjhr.o -mGLOB_source_dialect=GLOB_SOURCE_DIALECT_NONE -mP1OPT_source_file_name=ipo_out.f -mP2OPT_symtab_type_copy=true CMakeFiles/cmTC_57328.dir/CMakeFortranCompilerABI.F.o -mIPOPT_object_files=T -mIPOPT_assembly_files=/scratch/z00/fxf900/tmp/ifortalisnobWWQ -mIPOPT_generated_tempfiles=/scratch/z00/fxf900/tmp/ifortelisbKpyLf -mIPOPT_embedded_object_base_name=/scratch/z00/fxf900/tmp/iforteobjvoSG47 -mIPOPT_cmdline_link_new_name=/scratch/z00/fxf900/tmp/ifortllisvue6k0]
  link line: [ld    /half-root/usr/bin/../lib/gcc/x86_64-redhat-linux/8/../../../../lib64/crt1.o /half-root/usr/bin/../lib/gcc/x86_64-redhat-linux/8/../../../../lib64/crti.o /half-root/usr/bin/../lib/gcc/x86_64-redhat-linux/8/crtbegin.o --eh-frame-hdr --build-id -dynamic-linker /lib64/ld-linux-x86-64.so.2 -m elf_x86_64 -plugin /apps/intel/compilers_and_libraries_2020.2.254/linux/bin/intel64/../../lib/LLVMgold.so -o cmTC_57328 /apps/intel/compilers_and_libraries_2020.2.254/linux/compiler/lib/intel64_lin/for_main.o -L/apps/openmpi/4.0.2/lib/Intel -L/apps/openmpi/4.0.2/lib -L/apps/openmpi/4.0.2/lib/profilers -L/apps/intel-ct/2020.2.254/compiler/lib -L/apps/intel/compilers_and_libraries_2020.2.254/linux/compiler/lib/intel64_lin -L/half-root/usr/bin/../lib/gcc/x86_64-redhat-linux/8/ -L/half-root/usr/bin/../lib/gcc/ -L/half-root/usr/bin/../lib/gcc/x86_64-redhat-linux/8/../../../../lib64 -L/half-root/usr/bin/../lib/gcc/x86_64-redhat-linux/8/../../../../lib64/ -L/lib/../lib64 -L/lib/../lib64/ -L/usr/lib/../lib64 -L/usr/lib/../lib64/ -L/apps/openmpi/4.0.2/lib/Intel/ -L/apps/openmpi/4.0.2/lib/GNU/ -L/apps/openmpi/4.0.2/lib/ -L/apps/intel-ct/2020.2.254/compiler/lib/ -L/half-root/usr/bin/../lib/gcc/x86_64-redhat-linux/8/../../../ -L/lib64 -L/lib/ -L/usr/lib64 -L/usr/lib CMakeFiles/cmTC_57328.dir/CMakeFortranCompilerABI.F.o -Bdynamic -Bstatic -lifport -lifcoremt -limf -lsvml -Bdynamic -lm -Bstatic -lipgo -lirc -Bdynamic -lpthread -Bstatic -lsvml -Bdynamic -lc -lgcc -lgcc_s -Bstatic -lirc_s -Bdynamic -ldl -lc /half-root/usr/bin/../lib/gcc/x86_64-redhat-linux/8/crtend.o /half-root/usr/bin/../lib/gcc/x86_64-redhat-linux/8/../../../../lib64/crtn.o]
    arg [ld] ==> ignore
    arg [/half-root/usr/bin/../lib/gcc/x86_64-redhat-linux/8/../../../../lib64/crt1.o] ==> obj [/half-root/usr/bin/../lib/gcc/x86_64-redhat-linux/8/../../../../lib64/crt1.o]
    arg [/half-root/usr/bin/../lib/gcc/x86_64-redhat-linux/8/../../../../lib64/crti.o] ==> obj [/half-root/usr/bin/../lib/gcc/x86_64-redhat-linux/8/../../../../lib64/crti.o]
    arg [/half-root/usr/bin/../lib/gcc/x86_64-redhat-linux/8/crtbegin.o] ==> obj [/half-root/usr/bin/../lib/gcc/x86_64-redhat-linux/8/crtbegin.o]
    arg [--eh-frame-hdr] ==> ignore
    arg [--build-id] ==> ignore
    arg [-dynamic-linker] ==> ignore
    arg [/lib64/ld-linux-x86-64.so.2] ==> ignore
    arg [-m] ==> ignore
    arg [elf_x86_64] ==> ignore
    arg [-plugin] ==> ignore
    arg [/apps/intel/compilers_and_libraries_2020.2.254/linux/bin/intel64/../../lib/LLVMgold.so] ==> ignore
    arg [-o] ==> ignore
    arg [cmTC_57328] ==> ignore
    arg [/apps/intel/compilers_and_libraries_2020.2.254/linux/compiler/lib/intel64_lin/for_main.o] ==> obj [/apps/intel/compilers_and_libraries_2020.2.254/linux/compiler/lib/intel64_lin/for_main.o]
    arg [-L/apps/openmpi/4.0.2/lib/Intel] ==> dir [/apps/openmpi/4.0.2/lib/Intel]
    arg [-L/apps/openmpi/4.0.2/lib] ==> dir [/apps/openmpi/4.0.2/lib]
    arg [-L/apps/openmpi/4.0.2/lib/profilers] ==> dir [/apps/openmpi/4.0.2/lib/profilers]
    arg [-L/apps/intel-ct/2020.2.254/compiler/lib] ==> dir [/apps/intel-ct/2020.2.254/compiler/lib]
    arg [-L/apps/intel/compilers_and_libraries_2020.2.254/linux/compiler/lib/intel64_lin] ==> dir [/apps/intel/compilers_and_libraries_2020.2.254/linux/compiler/lib/intel64_lin]
    arg [-L/half-root/usr/bin/../lib/gcc/x86_64-redhat-linux/8/] ==> dir [/half-root/usr/bin/../lib/gcc/x86_64-redhat-linux/8/]
    arg [-L/half-root/usr/bin/../lib/gcc/] ==> dir [/half-root/usr/bin/../lib/gcc/]
    arg [-L/half-root/usr/bin/../lib/gcc/x86_64-redhat-linux/8/../../../../lib64] ==> dir [/half-root/usr/bin/../lib/gcc/x86_64-redhat-linux/8/../../../../lib64]
    arg [-L/half-root/usr/bin/../lib/gcc/x86_64-redhat-linux/8/../../../../lib64/] ==> dir [/half-root/usr/bin/../lib/gcc/x86_64-redhat-linux/8/../../../../lib64/]
    arg [-L/lib/../lib64] ==> dir [/lib/../lib64]
    arg [-L/lib/../lib64/] ==> dir [/lib/../lib64/]
    arg [-L/usr/lib/../lib64] ==> dir [/usr/lib/../lib64]
    arg [-L/usr/lib/../lib64/] ==> dir [/usr/lib/../lib64/]
    arg [-L/apps/openmpi/4.0.2/lib/Intel/] ==> dir [/apps/openmpi/4.0.2/lib/Intel/]
    arg [-L/apps/openmpi/4.0.2/lib/GNU/] ==> dir [/apps/openmpi/4.0.2/lib/GNU/]
    arg [-L/apps/openmpi/4.0.2/lib/] ==> dir [/apps/openmpi/4.0.2/lib/]
    arg [-L/apps/intel-ct/2020.2.254/compiler/lib/] ==> dir [/apps/intel-ct/2020.2.254/compiler/lib/]
    arg [-L/half-root/usr/bin/../lib/gcc/x86_64-redhat-linux/8/../../../] ==> dir [/half-root/usr/bin/../lib/gcc/x86_64-redhat-linux/8/../../../]
    arg [-L/lib64] ==> dir [/lib64]
    arg [-L/lib/] ==> dir [/lib/]
    arg [-L/usr/lib64] ==> dir [/usr/lib64]
    arg [-L/usr/lib] ==> dir [/usr/lib]
    arg [CMakeFiles/cmTC_57328.dir/CMakeFortranCompilerABI.F.o] ==> ignore
    arg [-Bdynamic] ==> ignore
    arg [-Bstatic] ==> ignore
    arg [-lifport] ==> lib [ifport]
    arg [-lifcoremt] ==> lib [ifcoremt]
    arg [-limf] ==> lib [imf]
    arg [-lsvml] ==> lib [svml]
    arg [-Bdynamic] ==> ignore
    arg [-lm] ==> lib [m]
    arg [-Bstatic] ==> ignore
    arg [-lipgo] ==> lib [ipgo]
    arg [-lirc] ==> lib [irc]
    arg [-Bdynamic] ==> ignore
    arg [-lpthread] ==> lib [pthread]
    arg [-Bstatic] ==> ignore
    arg [-lsvml] ==> lib [svml]
    arg [-Bdynamic] ==> ignore
    arg [-lc] ==> lib [c]
    arg [-lgcc] ==> lib [gcc]
    arg [-lgcc_s] ==> lib [gcc_s]
    arg [-Bstatic] ==> ignore
    arg [-lirc_s] ==> lib [irc_s]
    arg [-Bdynamic] ==> ignore
    arg [-ldl] ==> lib [dl]
    arg [-lc] ==> lib [c]
    arg [/half-root/usr/bin/../lib/gcc/x86_64-redhat-linux/8/crtend.o] ==> obj [/half-root/usr/bin/../lib/gcc/x86_64-redhat-linux/8/crtend.o]
    arg [/half-root/usr/bin/../lib/gcc/x86_64-redhat-linux/8/../../../../lib64/crtn.o] ==> obj [/half-root/usr/bin/../lib/gcc/x86_64-redhat-linux/8/../../../../lib64/crtn.o]
  collapse obj [/half-root/usr/bin/../lib/gcc/x86_64-redhat-linux/8/../../../../lib64/crt1.o] ==> [/half-root/usr/lib64/crt1.o]
  collapse obj [/half-root/usr/bin/../lib/gcc/x86_64-redhat-linux/8/../../../../lib64/crti.o] ==> [/half-root/usr/lib64/crti.o]
  collapse obj [/half-root/usr/bin/../lib/gcc/x86_64-redhat-linux/8/crtbegin.o] ==> [/half-root/usr/lib/gcc/x86_64-redhat-linux/8/crtbegin.o]
  collapse obj [/half-root/usr/bin/../lib/gcc/x86_64-redhat-linux/8/crtend.o] ==> [/half-root/usr/lib/gcc/x86_64-redhat-linux/8/crtend.o]
  collapse obj [/half-root/usr/bin/../lib/gcc/x86_64-redhat-linux/8/../../../../lib64/crtn.o] ==> [/half-root/usr/lib64/crtn.o]
  collapse library dir [/apps/openmpi/4.0.2/lib/Intel] ==> [/apps/openmpi/4.0.2/lib/Intel]
  collapse library dir [/apps/openmpi/4.0.2/lib] ==> [/apps/openmpi/4.0.2/lib]
  collapse library dir [/apps/openmpi/4.0.2/lib/profilers] ==> [/apps/openmpi/4.0.2/lib/profilers]
  collapse library dir [/apps/intel-ct/2020.2.254/compiler/lib] ==> [/apps/intel-ct/2020.2.254/compiler/lib]
  collapse library dir [/apps/intel/compilers_and_libraries_2020.2.254/linux/compiler/lib/intel64_lin] ==> [/apps/intel/compilers_and_libraries_2020.2.254/linux/compiler/lib/intel64_lin]
  collapse library dir [/half-root/usr/bin/../lib/gcc/x86_64-redhat-linux/8/] ==> [/half-root/usr/lib/gcc/x86_64-redhat-linux/8]
  collapse library dir [/half-root/usr/bin/../lib/gcc/] ==> [/half-root/usr/lib/gcc]
  collapse library dir [/half-root/usr/bin/../lib/gcc/x86_64-redhat-linux/8/../../../../lib64] ==> [/half-root/usr/lib64]
  collapse library dir [/half-root/usr/bin/../lib/gcc/x86_64-redhat-linux/8/../../../../lib64/] ==> [/half-root/usr/lib64]
  collapse library dir [/lib/../lib64] ==> [/lib64]
  collapse library dir [/lib/../lib64/] ==> [/lib64]
  collapse library dir [/usr/lib/../lib64] ==> [/usr/lib64]
  collapse library dir [/usr/lib/../lib64/] ==> [/usr/lib64]
  collapse library dir [/apps/openmpi/4.0.2/lib/Intel/] ==> [/apps/openmpi/4.0.2/lib/Intel]
  collapse library dir [/apps/openmpi/4.0.2/lib/GNU/] ==> [/apps/openmpi/4.0.2/lib/GNU]
  collapse library dir [/apps/openmpi/4.0.2/lib/] ==> [/apps/openmpi/4.0.2/lib]
  collapse library dir [/apps/intel-ct/2020.2.254/compiler/lib/] ==> [/apps/intel-ct/2020.2.254/compiler/lib]
  collapse library dir [/half-root/usr/bin/../lib/gcc/x86_64-redhat-linux/8/../../../] ==> [/half-root/usr/lib]
  collapse library dir [/lib64] ==> [/lib64]
  collapse library dir [/lib/] ==> [/lib]
  collapse library dir [/usr/lib64] ==> [/usr/lib64]
  collapse library dir [/usr/lib] ==> [/usr/lib]
  implicit libs: [ifport;ifcoremt;imf;svml;m;ipgo;irc;pthread;svml;c;gcc;gcc_s;irc_s;dl;c]
  implicit objs: [/half-root/usr/lib64/crt1.o;/half-root/usr/lib64/crti.o;/half-root/usr/lib/gcc/x86_64-redhat-linux/8/crtbegin.o;/apps/intel/compilers_and_libraries_2020.2.254/linux/compiler/lib/intel64_lin/for_main.o;/half-root/usr/lib/gcc/x86_64-redhat-linux/8/crtend.o;/half-root/usr/lib64/crtn.o]
  implicit dirs: [/apps/openmpi/4.0.2/lib/Intel;/apps/openmpi/4.0.2/lib;/apps/openmpi/4.0.2/lib/profilers;/apps/intel-ct/2020.2.254/compiler/lib;/apps/intel/compilers_and_libraries_2020.2.254/linux/compiler/lib/intel64_lin;/half-root/usr/lib/gcc/x86_64-redhat-linux/8;/half-root/usr/lib/gcc;/half-root/usr/lib64;/lib64;/usr/lib64;/apps/openmpi/4.0.2/lib/GNU;/half-root/usr/lib;/lib;/usr/lib]
  implicit fwks: []


Determining if the Fortran compiler supports Fortran 90 passed with the following output:
Change Dir: /g/data/nf47/HPCD-CFD-WaveqLab3D/Waveqlab/build_CascadeLake/CMakeFiles/CMakeTmp

Run Build Command(s):/bin/gmake -f Makefile cmTC_cead6/fast && /bin/gmake  -f CMakeFiles/cmTC_cead6.dir/build.make CMakeFiles/cmTC_cead6.dir/build
gmake[1]: Entering directory '/g/data/nf47/HPCD-CFD-WaveqLab3D/Waveqlab/build_CascadeLake/CMakeFiles/CMakeTmp'
Building Fortran object CMakeFiles/cmTC_cead6.dir/testFortranCompilerF90.f90.o
/apps/intel-ct/wrapper/ifort    -c /g/data/nf47/HPCD-CFD-WaveqLab3D/Waveqlab/build_CascadeLake/CMakeFiles/CMakeTmp/testFortranCompilerF90.f90 -o CMakeFiles/cmTC_cead6.dir/testFortranCompilerF90.f90.o
Linking Fortran executable cmTC_cead6
/half-root/usr/bin/cmake -E cmake_link_script CMakeFiles/cmTC_cead6.dir/link.txt --verbose=1
/apps/intel-ct/wrapper/ifort CMakeFiles/cmTC_cead6.dir/testFortranCompilerF90.f90.o -o cmTC_cead6 
gmake[1]: Leaving directory '/g/data/nf47/HPCD-CFD-WaveqLab3D/Waveqlab/build_CascadeLake/CMakeFiles/CMakeTmp'



